[TraceId: ] 2024-12-02 15:30:27.647 [main] INFO  com.liyuwang.weblog.web.WeblogWebApplication - Starting WeblogWebApplication using Java 1.8.0_201 on liyuwang with PID 8080 (D:\project\weblog\weblog-springboot\weblog-web\target\classes started by 32173 in D:\project\weblog)
[TraceId: ] 2024-12-02 15:30:27.651 [main] INFO  com.liyuwang.weblog.web.WeblogWebApplication - The following profiles are active: prod
[TraceId: ] 2024-12-02 15:30:28.478 [main] INFO  o.s.boot.web.embedded.tomcat.TomcatWebServer - Tomcat initialized with port(s): 8081 (http)
[TraceId: ] 2024-12-02 15:30:28.488 [main] INFO  org.apache.catalina.core.StandardService - Starting service [Tomcat]
[TraceId: ] 2024-12-02 15:30:28.488 [main] INFO  org.apache.catalina.core.StandardEngine - Starting Servlet engine: [Apache Tomcat/9.0.56]
[TraceId: ] 2024-12-02 15:30:29.275 [main] INFO  o.a.c.core.ContainerBase.[Tomcat].[localhost].[/] - Initializing Spring embedded WebApplicationContext
[TraceId: ] 2024-12-02 15:30:29.275 [main] INFO  o.s.b.w.s.c.ServletWebServerApplicationContext - Root WebApplicationContext: initialization completed in 1583 ms
[TraceId: ] 2024-12-02 15:30:29.648 [main] INFO  o.s.boot.web.embedded.tomcat.TomcatWebServer - Tomcat started on port(s): 8081 (http) with context path ''
[TraceId: ] 2024-12-02 15:30:29.657 [main] INFO  com.liyuwang.weblog.web.WeblogWebApplication - Started WeblogWebApplication in 2.539 seconds (JVM running for 6.733)
[TraceId: ] 2024-12-02 15:32:22.594 [main] INFO  com.liyuwang.weblog.web.WeblogWebApplication - Starting WeblogWebApplication using Java 1.8.0_201 on liyuwang with PID 15132 (D:\project\weblog\weblog-springboot\weblog-web\target\classes started by 32173 in D:\project\weblog)
[TraceId: ] 2024-12-02 15:32:22.598 [main] INFO  com.liyuwang.weblog.web.WeblogWebApplication - The following profiles are active: prod
[TraceId: ] 2024-12-02 15:32:23.367 [main] INFO  o.s.boot.web.embedded.tomcat.TomcatWebServer - Tomcat initialized with port(s): 8081 (http)
[TraceId: ] 2024-12-02 15:32:23.374 [main] INFO  org.apache.catalina.core.StandardService - Starting service [Tomcat]
[TraceId: ] 2024-12-02 15:32:23.374 [main] INFO  org.apache.catalina.core.StandardEngine - Starting Servlet engine: [Apache Tomcat/9.0.56]
[TraceId: ] 2024-12-02 15:32:23.433 [main] INFO  o.a.c.core.ContainerBase.[Tomcat].[localhost].[/] - Initializing Spring embedded WebApplicationContext
[TraceId: ] 2024-12-02 15:32:23.433 [main] INFO  o.s.b.w.s.c.ServletWebServerApplicationContext - Root WebApplicationContext: initialization completed in 787 ms
[TraceId: ] 2024-12-02 15:32:23.749 [main] INFO  o.s.boot.web.embedded.tomcat.TomcatWebServer - Tomcat started on port(s): 8081 (http) with context path ''
[TraceId: ] 2024-12-02 15:32:23.756 [main] INFO  com.liyuwang.weblog.web.WeblogWebApplication - Started WeblogWebApplication in 1.669 seconds (JVM running for 2.367)
[TraceId: ] 2024-12-02 15:32:27.104 [http-nio-8081-exec-1] INFO  o.a.c.core.ContainerBase.[Tomcat].[localhost].[/] - Initializing Spring DispatcherServlet 'dispatcherServlet'
[TraceId: ] 2024-12-02 15:32:27.104 [http-nio-8081-exec-1] INFO  org.springframework.web.servlet.DispatcherServlet - Initializing Servlet 'dispatcherServlet'
[TraceId: ] 2024-12-02 15:32:27.106 [http-nio-8081-exec-1] INFO  org.springframework.web.servlet.DispatcherServlet - Completed initialization in 2 ms
[TraceId: ] 2024-12-02 15:32:27.278 [http-nio-8081-exec-1] INFO  c.l.weblog.common.aspect.ApiOperationLogAspect - ====== 请求开始: [测试接口], 入参: {"userName":"admin","age":11}, 请求类: TestController, 请求方法: test =================================== 
[TraceId: ] 2024-12-02 15:32:27.290 [http-nio-8081-exec-1] INFO  c.l.weblog.common.aspect.ApiOperationLogAspect - ====== 请求结束: [测试接口], 耗时: 31ms, 出参: {"userName":"admin","age":11} =================================== 
